<?xml version="1.0" encoding="UTF-8"?>
<testsuite xmlns:xsi="http://www.w3.org/2001/XMLSchema-instance" xsi:noNamespaceSchemaLocation="https://maven.apache.org/surefire/maven-surefire-plugin/xsd/surefire-test-report.xsd" version="3.0.2" name="com.polymarket.marketmaker.service.StrategyEngineTest" time="0.133" tests="9" errors="0" skipped="0" failures="0">
  <properties>
[...]
</properties>
  <testcase name="testOnMarketSwitchUpdatesState" classname="com.polymarket.marketmaker.service.StrategyEngineTest" time="0.07">
    <system-out><![CDATA[18:30:27.802 [main] INFO com.polymarket.marketmaker.service.StrategyEngine -- ⚙ StrategyEngine initialized — marketId=test-market-id, targetSpread=0.02, orderSize=100, paperTrading=true
18:30:27.802 [main] INFO com.polymarket.marketmaker.service.StrategyEngine -- ⏸ StrategyEngine pausing for market switch → new-token-xyz
18:30:27.802 [main] INFO com.polymarket.marketmaker.service.StrategyEngine -- ▶ StrategyEngine resumed with new marketId=new-token-xyz
]]></system-out>
  </testcase>
  <testcase name="testLiveTradeCallsOrderManagement" classname="com.polymarket.marketmaker.service.StrategyEngineTest" time="0.027">
    <system-out><![CDATA[18:30:27.810 [main] INFO com.polymarket.marketmaker.service.StrategyEngine -- ⚙ StrategyEngine initialized — marketId=test-market-id, targetSpread=0.02, orderSize=100, paperTrading=false
18:30:27.814 [main] INFO com.polymarket.marketmaker.service.StrategyEngine -- 🚀 LIVE: Placing BUY 100 @ 0.51 and SELL 100 @ 0.54
]]></system-out>
  </testcase>
  <testcase name="testSkipsWhenSpreadTooTight" classname="com.polymarket.marketmaker.service.StrategyEngineTest" time="0.004">
    <system-out><![CDATA[18:30:27.834 [main] INFO com.polymarket.marketmaker.service.StrategyEngine -- ⚙ StrategyEngine initialized — marketId=test-market-id, targetSpread=0.02, orderSize=100, paperTrading=true
]]></system-out>
  </testcase>
  <testcase name="testSkipsWhenBookEmpty" classname="com.polymarket.marketmaker.service.StrategyEngineTest" time="0.002">
    <system-out><![CDATA[18:30:27.838 [main] INFO com.polymarket.marketmaker.service.StrategyEngine -- ⚙ StrategyEngine initialized — marketId=test-market-id, targetSpread=0.02, orderSize=100, paperTrading=true
]]></system-out>
  </testcase>
  <testcase name="testSpreadExactlyAtTarget" classname="com.polymarket.marketmaker.service.StrategyEngineTest" time="0.004">
    <system-out><![CDATA[18:30:27.843 [main] INFO com.polymarket.marketmaker.service.StrategyEngine -- ⚙ StrategyEngine initialized — marketId=test-market-id, targetSpread=0.02, orderSize=100, paperTrading=false
18:30:27.844 [main] INFO com.polymarket.marketmaker.service.StrategyEngine -- 🚀 LIVE: Placing BUY 100 @ 0.51 and SELL 100 @ 0.51
]]></system-out>
  </testcase>
  <testcase name="testPaperTradeLogsInsteadOfPlacing" classname="com.polymarket.marketmaker.service.StrategyEngineTest" time="0.003">
    <system-out><![CDATA[18:30:27.847 [main] INFO com.polymarket.marketmaker.service.StrategyEngine -- ⚙ StrategyEngine initialized — marketId=test-market-id, targetSpread=0.02, orderSize=100, paperTrading=true
18:30:27.848 [main] INFO com.polymarket.marketmaker.service.StrategyEngine -- 📝 PAPER TRADE: Would place BUY 100 shares at 0.51
18:30:27.848 [main] INFO com.polymarket.marketmaker.service.StrategyEngine -- 📝 PAPER TRADE: Would place SELL 100 shares at 0.54
]]></system-out>
  </testcase>
  <testcase name="testSkipsWhenNoAsks" classname="com.polymarket.marketmaker.service.StrategyEngineTest" time="0.003">
    <system-out><![CDATA[18:30:27.851 [main] INFO com.polymarket.marketmaker.service.StrategyEngine -- ⚙ StrategyEngine initialized — marketId=test-market-id, targetSpread=0.02, orderSize=100, paperTrading=true
]]></system-out>
  </testcase>
  <testcase name="testSkipsWhenPaused" classname="com.polymarket.marketmaker.service.StrategyEngineTest" time="0.003">
    <system-out><![CDATA[18:30:27.856 [main] INFO com.polymarket.marketmaker.service.StrategyEngine -- ⚙ StrategyEngine initialized — marketId=test-market-id, targetSpread=0.02, orderSize=100, paperTrading=false
]]></system-out>
  </testcase>
  <testcase name="testQuotePricesAreCorrect" classname="com.polymarket.marketmaker.service.StrategyEngineTest" time="0.007">
    <system-out><![CDATA[18:30:27.861 [main] INFO com.polymarket.marketmaker.service.StrategyEngine -- ⚙ StrategyEngine initialized — marketId=test-market-id, targetSpread=0.02, orderSize=50, paperTrading=false
18:30:27.861 [main] INFO com.polymarket.marketmaker.service.StrategyEngine -- 🚀 LIVE: Placing BUY 50 @ 0.51 and SELL 50 @ 0.54
]]></system-out>
  </testcase>
</testsuite>