<?xml version="1.0" encoding="UTF-8"?>
<testsuite xmlns:xsi="http://www.w3.org/2001/XMLSchema-instance" xsi:noNamespaceSchemaLocation="https://maven.apache.org/surefire/maven-surefire-plugin/xsd/surefire-test-report.xsd" version="3.0.2" name="com.polymarket.marketmaker.service.MarketDiscoveryServiceTest" time="2.633" tests="5" errors="0" skipped="0" failures="0">
  <properties>
[...]
</properties>
  <testcase name="testParseTokenIdExtractsCorrectly" classname="com.polymarket.marketmaker.service.MarketDiscoveryServiceTest" time="2.469">
    <system-out><![CDATA[18:30:27.429 [main] INFO com.polymarket.marketmaker.service.MarketDiscoveryService -- ⏳ No live window — using next upcoming market in Series 10192: Bitcoin Up or Down - 15 Minutes (starts 2026-03-05T11:30:26.857269400Z) | Token ID: 98765432109876543210
]]></system-out>
    <system-err><![CDATA[Mockito is currently self-attaching to enable the inline-mock-maker. This will no longer work in future releases of the JDK. Please add Mockito as an agent to your build what is described in Mockito's documentation: https://javadoc.io/doc/org.mockito/mockito-core/latest/org/mockito/Mockito.html#0.3
WARNING: A Java agent has been loaded dynamically (C:\Users\User\.m2\repository\net\bytebuddy\byte-buddy-agent\1.15.11\byte-buddy-agent-1.15.11.jar)
WARNING: If a serviceability tool is in use, please run with -XX:+EnableDynamicAgentLoading to hide this warning
WARNING: If a serviceability tool is not in use, please run with -Djdk.instrument.traceUsage for more information
WARNING: Dynamic loading of agents will be disallowed by default in a future release
]]></system-err>
  </testcase>
  <testcase name="testActiveMarketNotifiesListeners" classname="com.polymarket.marketmaker.service.MarketDiscoveryServiceTest" time="0.124">
    <system-out><![CDATA[18:30:27.547 [main] INFO com.polymarket.marketmaker.service.MarketDiscoveryService -- 🕒 Current Time in New York (ET): 05:30:27 GMT-05:00
18:30:27.560 [main] INFO com.polymarket.marketmaker.service.MarketDiscoveryService -- 📡 Raw Gamma API Data: [{"title":"Bitcoin Up or Down - 15 Minutes","endDate":"2026-03-05T11:30:27.444438300Z","startDate":"2026-03-05T11:30:27.444438300Z","markets":[{"conditionId":"0xabc","clobTokenIds":"[\"token-yes-123\", \"token-no-456\"]","closed":false,"active":true,"endDate":"2026-03-05T11:30:27.444438300Z","startDate":"2026-03-05T11:30:27.444438300Z"}]}]
18:30:27.561 [main] INFO com.polymarket.marketmaker.service.MarketDiscoveryService -- ⏳ No live window — using next upcoming market in Series 10192: Bitcoin Up or Down - 15 Minutes (starts 2026-03-05T11:30:27.444438300Z) | Token ID: token-yes-123
18:30:27.562 [main] INFO com.polymarket.marketmaker.service.MarketDiscoveryService -- 🔄 Market switch detected: null → token-yes-123
]]></system-out>
  </testcase>
  <testcase name="testClosedMarketIsSkipped" classname="com.polymarket.marketmaker.service.MarketDiscoveryServiceTest" time="0.008">
    <system-out><![CDATA[18:30:27.570 [main] INFO com.polymarket.marketmaker.service.MarketDiscoveryService -- 🕒 Current Time in New York (ET): 05:30:27 GMT-05:00
18:30:27.570 [main] INFO com.polymarket.marketmaker.service.MarketDiscoveryService -- 📡 Raw Gamma API Data: [{"title":"Bitcoin Up or Down - 15 Minutes","endDate":"2026-03-05T11:30:27.568245600Z","startDate":"2026-03-05T11:30:27.568245600Z","markets":[{"conditionId":"0xabc","clobTokenIds":"[\"token-closed\", \"token-no\"]","closed":true,"active":true,"endDate":"2026-03-05T11:30:27.568245600Z","startDate":"2026-03-05T11:30:27.568245600Z"}]}]
18:30:27.572 [main] INFO com.polymarket.marketmaker.service.MarketDiscoveryService -- 🔍 No live or upcoming markets found in Series 10192
18:30:27.572 [main] WARN com.polymarket.marketmaker.service.MarketDiscoveryService -- 🔍 No active Bitcoin 15m markets found via series_id=10192.
]]></system-out>
  </testcase>
  <testcase name="testSameTokenIdDoesNotSwitch" classname="com.polymarket.marketmaker.service.MarketDiscoveryServiceTest" time="0.01">
    <system-out><![CDATA[18:30:27.582 [main] INFO com.polymarket.marketmaker.service.MarketDiscoveryService -- 🕒 Current Time in New York (ET): 05:30:27 GMT-05:00
18:30:27.582 [main] INFO com.polymarket.marketmaker.service.MarketDiscoveryService -- 📡 Raw Gamma API Data: [{"title":"Bitcoin Up or Down - 15 Minutes","endDate":"2026-03-05T11:30:27.580094500Z","startDate":"2026-03-05T11:30:27.580094500Z","markets":[{"conditionId":"0xabc","clobTokenIds":"[\"token-yes-123\", \"token-no-456\"]","closed":false,"active":true,"endDate":"2026-03-05T11:30:27.580094500Z","startDate":"2026-03-05T11:30:27.580094500Z"}]}]
18:30:27.583 [main] INFO com.polymarket.marketmaker.service.MarketDiscoveryService -- ⏳ No live window — using next upcoming market in Series 10192: Bitcoin Up or Down - 15 Minutes (starts 2026-03-05T11:30:27.580094500Z) | Token ID: token-yes-123
18:30:27.584 [main] INFO com.polymarket.marketmaker.service.MarketDiscoveryService -- 🔄 Market switch detected: null → token-yes-123
18:30:27.584 [main] INFO com.polymarket.marketmaker.service.MarketDiscoveryService -- 🕒 Current Time in New York (ET): 05:30:27 GMT-05:00
18:30:27.585 [main] INFO com.polymarket.marketmaker.service.MarketDiscoveryService -- 📡 Raw Gamma API Data: [{"title":"Bitcoin Up or Down - 15 Minutes","endDate":"2026-03-05T11:30:27.580094500Z","startDate":"2026-03-05T11:30:27.580094500Z","markets":[{"conditionId":"0xabc","clobTokenIds":"[\"token-yes-123\", \"token-no-456\"]","closed":false,"active":true,"endDate":"2026-03-05T11:30:27.580094500Z","startDate":"2026-03-05T11:30:27.580094500Z"}]}]
18:30:27.586 [main] INFO com.polymarket.marketmaker.service.MarketDiscoveryService -- ⏳ No live window — using next upcoming market in Series 10192: Bitcoin Up or Down - 15 Minutes (starts 2026-03-05T11:30:27.580094500Z) | Token ID: token-yes-123
]]></system-out>
  </testcase>
  <testcase name="testExpiredMarketIsSkipped" classname="com.polymarket.marketmaker.service.MarketDiscoveryServiceTest" time="0.005">
    <system-out><![CDATA[18:30:27.593 [main] INFO com.polymarket.marketmaker.service.MarketDiscoveryService -- 🕒 Current Time in New York (ET): 05:30:27 GMT-05:00
18:30:27.594 [main] INFO com.polymarket.marketmaker.service.MarketDiscoveryService -- 📡 Raw Gamma API Data: [{"title":"Bitcoin Up or Down - 15 Minutes","endDate":"2026-03-05T09:30:27.591857500Z","startDate":"2026-03-05T09:30:27.591857500Z","markets":[{"conditionId":"0xabc","clobTokenIds":"[\"token-expired\", \"token-no\"]","closed":false,"active":true,"endDate":"2026-03-05T09:30:27.591857500Z","startDate":"2026-03-05T09:30:27.591857500Z"}]}]
18:30:27.595 [main] INFO com.polymarket.marketmaker.service.MarketDiscoveryService -- 🔍 No live or upcoming markets found in Series 10192
18:30:27.595 [main] WARN com.polymarket.marketmaker.service.MarketDiscoveryService -- 🔍 No active Bitcoin 15m markets found via series_id=10192.
]]></system-out>
  </testcase>
</testsuite>